<?xml version="1.0" encoding="UTF-8"?>
<!-- Generated by org.testng.reporters.JUnitReportReporter -->
<testsuite hostname="DESKTOP-3811K86" failures="0" tests="1" name="test.VerifyAllProductsandProductDetailPage" time="66.144" errors="0" timestamp="2025-06-26T12:20:14 WAT" skipped="0">
  <testcase classname="test.VerifyAllProductsandProductDetailPage" name="VerifyAllProductspProductDetail" time="66.144"/>
</testsuite> <!-- test.VerifyAllProductsandProductDetailPage -->
