<?xml version="1.0" encoding="UTF-8"?>
<!-- Generated by org.testng.reporters.JUnitReportReporter -->
<testsuite hostname="DESKTOP-3811K86" failures="0" tests="1" name="test.SearchProduct" time="49.561" errors="0" timestamp="2025-06-26T13:39:37 WAT" skipped="0">
  <testcase classname="test.SearchProduct" name="searchProduct" time="49.561"/>
</testsuite> <!-- test.SearchProduct -->
