<?xml version="1.0" encoding="UTF-8"?>
<!-- Generated by org.testng.reporters.JUnitReportReporter -->
<testsuite hostname="DESKTOP-3811K86" failures="0" tests="1" name="test.ContactTest" time="53.768" errors="0" timestamp="2025-06-25T14:42:37 WAT" skipped="0">
  <testcase classname="test.ContactTest" name="contactForm" time="53.768"/>
</testsuite> <!-- test.ContactTest -->
