<?xml version="1.0" encoding="UTF-8"?>
<!-- Generated by org.testng.reporters.JUnitReportReporter -->
<testsuite hostname="DESKTOP-3811K86" failures="0" tests="1" name="test.VerifyTestCasesPage" time="38.964" errors="0" timestamp="2025-07-09T12:27:02 WAT" skipped="0">
  <testcase classname="test.VerifyTestCasesPage" name="verifyTestCasesPage" time="38.964"/>
</testsuite> <!-- test.VerifyTestCasesPage -->
