<?xml version="1.0" encoding="UTF-8"?>
<!-- Generated by org.testng.reporters.JUnitReportReporter -->
<testsuite hostname="DESKTOP-3811K86" failures="0" tests="1" name="test.VerifySubscriptionInHomePage" time="47.726" errors="0" timestamp="2025-07-25T14:14:28 WAT" skipped="0">
  <testcase classname="test.VerifySubscriptionInHomePage" name="verifySubscription" time="47.726"/>
</testsuite> <!-- test.VerifySubscriptionInHomePage -->
