<?xml version="1.0" encoding="UTF-8"?>
<!-- Generated by org.testng.reporters.JUnitReportReporter -->
<testsuite hostname="DESKTOP-3811K86" failures="0" tests="1" name="test.LoginUserWithIncorrectEmailAndPassword" time="40.690" errors="0" timestamp="2025-07-09T11:01:17 WAT" skipped="0">
  <testcase classname="test.LoginUserWithIncorrectEmailAndPassword" name="invalidLogin" time="40.690"/>
</testsuite> <!-- test.LoginUserWithIncorrectEmailAndPassword -->
