<?xml version="1.0" encoding="UTF-8"?>
<!-- Generated by org.testng.reporters.JUnitReportReporter -->
<testsuite hostname="DESKTOP-3811K86" failures="0" tests="1" name="test.LoginTest" time="100.827" errors="0" timestamp="2025-06-25T11:45:01 WAT" skipped="0">
  <testcase classname="test.LoginTest" name="loginTest" time="100.827"/>
</testsuite> <!-- test.LoginTest -->
