<?xml version="1.0" encoding="UTF-8"?>
<!-- Generated by org.testng.reporters.JUnitReportReporter -->
<testsuite hostname="DESKTOP-3811K86" failures="0" tests="1" name="test.LogoutUser" time="54.918" errors="0" timestamp="2025-07-09T11:32:13 WAT" skipped="0">
  <testcase classname="test.LogoutUser" name="logoutUser" time="54.918"/>
</testsuite> <!-- test.LogoutUser -->
