<?xml version="1.0" encoding="UTF-8"?>
<!-- Generated by org.testng.reporters.JUnitReportReporter -->
<testsuite hostname="DESKTOP-3811K86" failures="0" tests="1" name="test.CreateAccountTest" time="72.719" errors="0" timestamp="2025-06-24T14:27:28 WAT" skipped="0">
  <testcase classname="test.CreateAccountTest" name="createAccount" time="72.719"/>
</testsuite> <!-- test.CreateAccountTest -->
